0 info it worked if it ends with ok
1 verbose cli [ 'C:\\Program Files\\nodejs\\node.exe',
1 verbose cli   'C:\\Program Files\\nodejs\\node_modules\\npm\\bin\\npm-cli.js',
1 verbose cli   'run',
1 verbose cli   'mongod' ]
2 info using npm@3.10.10
3 info using node@v6.11.4
4 verbose run-script [ 'premongod', 'mongod', 'postmongod' ]
5 info lifecycle todo-list@1.0.0~premongod: todo-list@1.0.0
6 silly lifecycle todo-list@1.0.0~premongod: no script for premongod, continuing
7 info lifecycle todo-list@1.0.0~mongod: todo-list@1.0.0
8 verbose lifecycle todo-list@1.0.0~mongod: unsafe-perm in lifecycle true
9 verbose lifecycle todo-list@1.0.0~mongod: PATH: C:\Program Files\nodejs\node_modules\npm\bin\node-gyp-bin;C:\Users\yon_g\Desktop\taStudy\node_modules\.bin;C:\Program Files\Git\mingw64\bin;C:\Program Files\Git\usr\bin;C:\Users\yon_g\bin;C:\ProgramData\Oracle\Java\javapath;C:\WINDOWS\system32;C:\WINDOWS;C:\WINDOWS\System32\Wbem;C:\WINDOWS\System32\WindowsPowerShell\v1.0;C:\Program Files\nodejs;C:\Program Files\Git\cmd;C:\Users\yon_g\AppData\Local\Microsoft\WindowsApps;C:\Users\yon_g\AppData\Local\atom\bin;C:\Users\yon_g\AppData\Roaming\npm;C:\Users\yon_g\AppData\Local\Microsoft\WindowsApps;C:\Program Files\Microsoft VS Code\bin
10 verbose lifecycle todo-list@1.0.0~mongod: CWD: C:\Users\yon_g\Desktop\taStudy
11 silly lifecycle todo-list@1.0.0~mongod: Args: [ '/d /s /c', 'C:\\Program Files/MongoDB/Server/3.6' ]
12 silly lifecycle todo-list@1.0.0~mongod: Returned: code: 1  signal: null
13 info lifecycle todo-list@1.0.0~mongod: Failed to exec mongod script
14 verbose stack Error: todo-list@1.0.0 mongod: `C:\Program Files/MongoDB/Server/3.6`
14 verbose stack Exit status 1
14 verbose stack     at EventEmitter.<anonymous> (C:\Program Files\nodejs\node_modules\npm\lib\utils\lifecycle.js:255:16)
14 verbose stack     at emitTwo (events.js:106:13)
14 verbose stack     at EventEmitter.emit (events.js:191:7)
14 verbose stack     at ChildProcess.<anonymous> (C:\Program Files\nodejs\node_modules\npm\lib\utils\spawn.js:40:14)
14 verbose stack     at emitTwo (events.js:106:13)
14 verbose stack     at ChildProcess.emit (events.js:191:7)
14 verbose stack     at maybeClose (internal/child_process.js:920:16)
14 verbose stack     at Process.ChildProcess._handle.onexit (internal/child_process.js:230:5)
15 verbose pkgid todo-list@1.0.0
16 verbose cwd C:\Users\yon_g\Desktop\taStudy\database
17 error Windows_NT 10.0.16299
18 error argv "C:\\Program Files\\nodejs\\node.exe" "C:\\Program Files\\nodejs\\node_modules\\npm\\bin\\npm-cli.js" "run" "mongod"
19 error node v6.11.4
20 error npm  v3.10.10
21 error code ELIFECYCLE
22 error todo-list@1.0.0 mongod: `C:\Program Files/MongoDB/Server/3.6`
22 error Exit status 1
23 error Failed at the todo-list@1.0.0 mongod script 'C:\Program Files/MongoDB/Server/3.6'.
23 error Make sure you have the latest version of node.js and npm installed.
23 error If you do, this is most likely a problem with the todo-list package,
23 error not with npm itself.
23 error Tell the author that this fails on your system:
23 error     C:\Program Files/MongoDB/Server/3.6
23 error You can get information on how to open an issue for this project with:
23 error     npm bugs todo-list
23 error Or if that isn't available, you can get their info via:
23 error     npm owner ls todo-list
23 error There is likely additional logging output above.
24 verbose exit [ 1, true ]
